<?xml version="1.0" encoding="UTF-8"?>
<!-- Generated by org.testng.reporters.JUnitReportReporter -->
<testsuite hostname="DESKTOP-O2C0HOC" failures="0" tests="1" name="com.LoginTestCase.CorrectUserName" time="18.189" errors="0" timestamp="2023-04-05T11:52:11 IST" skipped="0">
  <testcase classname="com.LoginTestCase.CorrectUserName" name="loginWithCorrectUserName" time="18.189"/>
  <system-out/>
</testsuite> <!-- com.LoginTestCase.CorrectUserName -->
