<?xml version="1.0" encoding="UTF-8"?>
<!-- Generated by org.testng.reporters.JUnitReportReporter -->
<testsuite hostname="DESKTOP-O2C0HOC" failures="0" tests="4" name="com.LoginTestCase.Login" time="76.614" errors="0" timestamp="2023-04-13T12:09:05 IST" skipped="0">
  <testcase classname="com.LoginTestCase.Login" name="loginBothCorrect" time="16.087"/>
  <system-out/>
  <testcase classname="com.LoginTestCase.Login" name="loginBothCorrect" time="13.757"/>
  <system-out/>
  <testcase classname="com.LoginTestCase.Login" name="loginBothCorrect" time="10.339"/>
  <system-out/>
  <testcase classname="com.LoginTestCase.Login" name="loginBothCorrect" time="36.431"/>
  <system-out/>
</testsuite> <!-- com.LoginTestCase.Login -->
