<?xml version="1.0" encoding="UTF-8"?>
<!-- Generated by org.testng.reporters.JUnitReportReporter -->
<testsuite hostname="DESKTOP-O2C0HOC" failures="0" tests="5" name="com.excel.LoginThroughSheet.TestLoginThroughSheet" time="26.830" errors="0" timestamp="2023-04-13T13:49:59 IST" skipped="0">
  <testcase classname="com.excel.LoginThroughSheet.TestLoginThroughSheet" name="logIn" time="2.478"/>
  <system-out/>
  <testcase classname="com.excel.LoginThroughSheet.TestLoginThroughSheet" name="logIn" time="1.213"/>
  <system-out/>
  <testcase classname="com.excel.LoginThroughSheet.TestLoginThroughSheet" name="logIn" time="2.135"/>
  <system-out/>
  <testcase classname="com.excel.LoginThroughSheet.TestLoginThroughSheet" name="logIn" time="17.290"/>
  <system-out/>
  <testcase classname="com.excel.LoginThroughSheet.TestLoginThroughSheet" name="logOut" time="3.714"/>
  <system-out/>
</testsuite> <!-- com.excel.LoginThroughSheet.TestLoginThroughSheet -->
