<?xml version="1.0" encoding="UTF-8"?>
<!-- Generated by org.testng.reporters.JUnitReportReporter -->
<testsuite hostname="DESKTOP-O2C0HOC" failures="0" tests="3" name="extentReortsPractice.ExtendReportsExample" time="29.368" errors="0" timestamp="2023-05-09T13:26:12 IST" skipped="0">
  <testcase classname="extentReortsPractice.ExtendReportsExample" name="openWikipedia" time="9.506"/>
  <system-out/>
  <testcase classname="extentReortsPractice.ExtendReportsExample" name="openGoogle" time="11.768"/>
  <system-out/>
  <testcase classname="extentReortsPractice.ExtendReportsExample" name="openBing" time="8.094"/>
  <system-out/>
</testsuite> <!-- extentReortsPractice.ExtendReportsExample -->
